<?xml version="1.0" encoding="UTF-8"?>
<!-- Generated by org.testng.reporters.JUnitReportReporter -->
<testsuite hostname="DESKTOP-65LALTP" failures="0" tests="5" name="XYZ.HOME_PAGE" time="118.092" errors="0" timestamp="2023-07-19T18:35:56 EET" skipped="0">
  <testcase classname="XYZ.HOME_PAGE" name="t_03bankmanagementdeletcostomer" time="22.098"/>
  <system-out/>
  <testcase classname="XYZ.HOME_PAGE" name="t_04bankmanagementDeposit" time="17.687"/>
  <system-out/>
  <testcase classname="XYZ.HOME_PAGE" name="t_01bankmanagementlogin" time="43.786"/>
  <system-out/>
  <testcase classname="XYZ.HOME_PAGE" name="t_02bankmanagementopenacount" time="21.475"/>
  <system-out/>
  <testcase classname="XYZ.HOME_PAGE" name="t_05checklastwihdrow" time="13.046"/>
  <system-out/>
</testsuite> <!-- XYZ.HOME_PAGE -->
